Started GET "/" for 127.0.0.1 at 2017-11-18 10:06:20 -0700
Processing by Rails::WelcomeController#index as HTML
  Rendering /Users/evanmiller/.rvm/gems/ruby-2.4.2/gems/railties-5.1.2/lib/rails/templates/rails/welcome/index.html.erb
  Rendered /Users/evanmiller/.rvm/gems/ruby-2.4.2/gems/railties-5.1.2/lib/rails/templates/rails/welcome/index.html.erb (3.0ms)
Completed 200 OK in 150ms (Views: 8.4ms)


Started GET "/" for 127.0.0.1 at 2017-11-18 10:07:12 -0700
Processing by Rails::WelcomeController#index as HTML
  Rendering /Users/evanmiller/.rvm/gems/ruby-2.4.2/gems/railties-5.1.2/lib/rails/templates/rails/welcome/index.html.erb
  Rendered /Users/evanmiller/.rvm/gems/ruby-2.4.2/gems/railties-5.1.2/lib/rails/templates/rails/welcome/index.html.erb (3.5ms)
Completed 200 OK in 141ms (Views: 8.9ms)


Started GET "/" for 127.0.0.1 at 2017-11-18 10:20:54 -0700
  
SyntaxError (/Users/evanmiller/Documents/rails_tuts/workspace/hello_app/app/controllers/application_controller.rb:6: syntax error, unexpected end-of-input, expecting keyword_end):
  
app/controllers/application_controller.rb:6: syntax error, unexpected end-of-input, expecting keyword_end
Started GET "/" for 127.0.0.1 at 2017-11-18 10:20:56 -0700
  
SyntaxError (/Users/evanmiller/Documents/rails_tuts/workspace/hello_app/app/controllers/application_controller.rb:6: syntax error, unexpected end-of-input, expecting keyword_end):
  
app/controllers/application_controller.rb:6: syntax error, unexpected end-of-input, expecting keyword_end
Started GET "/" for 127.0.0.1 at 2017-11-18 10:20:57 -0700
  
SyntaxError (/Users/evanmiller/Documents/rails_tuts/workspace/hello_app/app/controllers/application_controller.rb:6: syntax error, unexpected end-of-input, expecting keyword_end):
  
app/controllers/application_controller.rb:6: syntax error, unexpected end-of-input, expecting keyword_end
Started GET "/" for 127.0.0.1 at 2017-11-18 10:21:39 -0700
Processing by ApplicationController#hello as HTML
  Rendering html template
  Rendered html template (0.0ms)
Completed 200 OK in 1ms (Views: 1.0ms)


Started GET "/" for 127.0.0.1 at 2017-11-18 10:21:41 -0700
Processing by ApplicationController#hello as HTML
  Rendering html template
  Rendered html template (0.0ms)
Completed 200 OK in 0ms (Views: 0.3ms)


Started GET "/" for 127.0.0.1 at 2017-11-18 10:24:15 -0700
Processing by ApplicationController#hello as HTML
  Rendering html template
  Rendered html template (0.0ms)
Completed 200 OK in 1ms (Views: 0.6ms)


Started GET "/" for 127.0.0.1 at 2017-11-18 10:24:16 -0700
Processing by ApplicationController#hello as HTML
  Rendering html template
  Rendered html template (0.0ms)
Completed 200 OK in 0ms (Views: 0.3ms)


Started GET "/next" for 127.0.0.1 at 2017-11-18 10:24:18 -0700
  
ActionController::RoutingError (No route matches [GET] "/next"):
  
actionpack (5.1.2) lib/action_dispatch/middleware/debug_exceptions.rb:63:in `call'
web-console (3.5.1) lib/web_console/middleware.rb:135:in `call_app'
web-console (3.5.1) lib/web_console/middleware.rb:28:in `block in call'
web-console (3.5.1) lib/web_console/middleware.rb:18:in `catch'
web-console (3.5.1) lib/web_console/middleware.rb:18:in `call'
actionpack (5.1.2) lib/action_dispatch/middleware/show_exceptions.rb:31:in `call'
railties (5.1.2) lib/rails/rack/logger.rb:36:in `call_app'
railties (5.1.2) lib/rails/rack/logger.rb:24:in `block in call'
activesupport (5.1.2) lib/active_support/tagged_logging.rb:69:in `block in tagged'
activesupport (5.1.2) lib/active_support/tagged_logging.rb:26:in `tagged'
activesupport (5.1.2) lib/active_support/tagged_logging.rb:69:in `tagged'
railties (5.1.2) lib/rails/rack/logger.rb:24:in `call'
sprockets-rails (3.2.1) lib/sprockets/rails/quiet_assets.rb:13:in `call'
actionpack (5.1.2) lib/action_dispatch/middleware/remote_ip.rb:79:in `call'
actionpack (5.1.2) lib/action_dispatch/middleware/request_id.rb:25:in `call'
rack (2.0.3) lib/rack/method_override.rb:22:in `call'
rack (2.0.3) lib/rack/runtime.rb:22:in `call'
activesupport (5.1.2) lib/active_support/cache/strategy/local_cache_middleware.rb:27:in `call'
actionpack (5.1.2) lib/action_dispatch/middleware/executor.rb:12:in `call'
actionpack (5.1.2) lib/action_dispatch/middleware/static.rb:125:in `call'
rack (2.0.3) lib/rack/sendfile.rb:111:in `call'
railties (5.1.2) lib/rails/engine.rb:522:in `call'
puma (3.9.1) lib/puma/configuration.rb:224:in `call'
puma (3.9.1) lib/puma/server.rb:602:in `handle_request'
puma (3.9.1) lib/puma/server.rb:435:in `process_client'
puma (3.9.1) lib/puma/server.rb:299:in `block in run'
puma (3.9.1) lib/puma/thread_pool.rb:120:in `block in spawn_thread'
Started GET "/" for 127.0.0.1 at 2017-11-18 10:25:00 -0700
Processing by ApplicationController#hello as HTML
  Rendering html template
  Rendered html template (0.0ms)
Completed 200 OK in 1ms (Views: 0.4ms)


Started GET "/" for 127.0.0.1 at 2017-11-18 10:25:44 -0700
Processing by ApplicationController#hello as HTML
  Rendering html template
  Rendered html template (0.0ms)
Completed 200 OK in 1ms (Views: 0.4ms)


Started GET "/" for 127.0.0.1 at 2017-11-18 10:26:05 -0700
  
SyntaxError (/Users/evanmiller/Documents/rails_tuts/workspace/hello_app/app/controllers/application_controller.rb:5: syntax error, unexpected tIDENTIFIER, expecting keyword_do or '{' or '('
der html: “¡Hola, mundo!”
                              ^):
  
app/controllers/application_controller.rb:5: syntax error, unexpected tIDENTIFIER, expecting keyword_do or '{' or '('
Started GET "/" for 127.0.0.1 at 2017-11-18 10:26:07 -0700
  
SyntaxError (/Users/evanmiller/Documents/rails_tuts/workspace/hello_app/app/controllers/application_controller.rb:5: syntax error, unexpected tIDENTIFIER, expecting keyword_do or '{' or '('
der html: “¡Hola, mundo!”
                              ^):
  
app/controllers/application_controller.rb:5: syntax error, unexpected tIDENTIFIER, expecting keyword_do or '{' or '('
Started GET "/" for 127.0.0.1 at 2017-11-18 10:26:20 -0700
Processing by ApplicationController#hello as HTML
  Rendering html template
  Rendered html template (0.0ms)
Completed 200 OK in 1ms (Views: 0.5ms)


Started GET "/" for 127.0.0.1 at 2017-11-18 10:27:16 -0700
Processing by ApplicationController#hello as HTML
  Rendering html template
  Rendered html template (0.0ms)
Completed 200 OK in 1ms (Views: 0.5ms)


Started GET "/" for 127.0.0.1 at 2017-11-18 10:28:14 -0700
Processing by ApplicationController#hello as HTML
  Rendering html template
  Rendered html template (0.0ms)
Completed 200 OK in 1ms (Views: 0.5ms)


Started GET "/" for 127.0.0.1 at 2017-11-18 10:28:15 -0700
Processing by ApplicationController#hello as HTML
  Rendering html template
  Rendered html template (0.0ms)
Completed 200 OK in 1ms (Views: 0.3ms)


Started GET "/" for 127.0.0.1 at 2017-11-18 10:28:16 -0700
Processing by ApplicationController#hello as HTML
  Rendering html template
  Rendered html template (0.0ms)
Completed 200 OK in 0ms (Views: 0.3ms)


Started GET "/" for 127.0.0.1 at 2017-11-18 10:28:28 -0700
Processing by ApplicationController#goodbye as HTML
  Rendering html template
  Rendered html template (0.0ms)
Completed 200 OK in 1ms (Views: 0.4ms)


